app/build/outputs/logs/manifest-merger-debug-report.txt
-- Merging decision tree log ---
manifest
ADDED from src/main/AndroidManifest.xml:2:1-115:12
	package
		ADDED from src/main/AndroidManifest.xml:3:5-26
		INJECTED from src/main/AndroidManifest.xml
		INJECTED from src/main/AndroidManifest.xml
	android:versionName
		INJECTED from src/main/AndroidManifest.xml
		INJECTED from src/main/AndroidManifest.xml
	xmlns:android
		ADDED from src/main/AndroidManifest.xml:2:11-69
	android:versionCode
		INJECTED from src/main/AndroidManifest.xml
		INJECTED from src/main/AndroidManifest.xml
uses-permission#android.permission.INTERNET
ADDED from src/main/AndroidManifest.xml:5:5-67
	android:name
		ADDED from src/main/AndroidManifest.xml:5:22-64
application
ADDED from src/main/AndroidManifest.xml:7:5-113:19
MERGED from [com.android.support:design:25.0.1] AndroidManifest.xml:25:5-20
MERGED from [com.android.support:appcompat-v7:25.0.1] AndroidManifest.xml:25:5-20
MERGED from [com.android.support:animated-vector-drawable:25.0.1] AndroidManifest.xml:22:5-20
MERGED from [com.android.support:support-vector-drawable:25.0.1] AndroidManifest.xml:23:5-20
MERGED from [com.android.support:transition:25.0.1] AndroidManifest.xml:22:5-20
MERGED from [com.android.support:support-v4:25.0.1] AndroidManifest.xml:25:5-20
MERGED from [com.android.support:support-fragment:25.0.1] AndroidManifest.xml:25:5-20
MERGED from [com.android.support:support-media-compat:25.0.1] AndroidManifest.xml:25:5-20
MERGED from [com.android.support:support-core-utils:25.0.1] AndroidManifest.xml:25:5-20
MERGED from [com.android.support:cardview-v7:25.0.1] AndroidManifest.xml:22:5-20
MERGED from [com.android.support:support-core-ui:25.0.1] AndroidManifest.xml:25:5-20
MERGED from [com.android.support:support-compat:25.0.1] AndroidManifest.xml:25:5-20
MERGED from [com.github.clans:fab:1.6.4] AndroidManifest.xml:12:5-20
	android:label
		ADDED from src/main/AndroidManifest.xml:10:9-41
	android:allowBackup
		ADDED from src/main/AndroidManifest.xml:8:9-35
	android:icon
		ADDED from src/main/AndroidManifest.xml:9:9-43
	android:theme
		ADDED from src/main/AndroidManifest.xml:11:9-40
activity#ifcalc.beta.activities.MainActivity
ADDED from src/main/AndroidManifest.xml:12:9-15:68
	android:label
		ADDED from src/main/AndroidManifest.xml:14:13-56
	android:theme
		ADDED from src/main/AndroidManifest.xml:15:13-56
	android:name
		ADDED from src/main/AndroidManifest.xml:13:13-52
activity#ifcalc.beta.activities.CalculatorActivity
ADDED from src/main/AndroidManifest.xml:16:9-24:20
	android:label
		ADDED from src/main/AndroidManifest.xml:18:13-62
	android:parentActivityName
		ADDED from src/main/AndroidManifest.xml:19:13-66
	android:theme
		ADDED from src/main/AndroidManifest.xml:20:13-56
	android:name
		ADDED from src/main/AndroidManifest.xml:17:13-58
meta-data#android.support.PARENT_ACTIVITY
ADDED from src/main/AndroidManifest.xml:21:13-23:71
	android:value
		ADDED from src/main/AndroidManifest.xml:23:17-68
	android:name
		ADDED from src/main/AndroidManifest.xml:22:17-63
activity#ifcalc.beta.activities.DisciplinasActivity
ADDED from src/main/AndroidManifest.xml:25:9-33:20
	android:label
		ADDED from src/main/AndroidManifest.xml:27:13-63
	android:parentActivityName
		ADDED from src/main/AndroidManifest.xml:28:13-66
	android:theme
		ADDED from src/main/AndroidManifest.xml:29:13-56
	android:name
		ADDED from src/main/AndroidManifest.xml:26:13-59
activity#ifcalc.beta.activities.DisciplinaDetalheActivity
ADDED from src/main/AndroidManifest.xml:34:9-42:20
	android:label
		ADDED from src/main/AndroidManifest.xml:36:13-70
	android:parentActivityName
		ADDED from src/main/AndroidManifest.xml:37:13-73
	android:theme
		ADDED from src/main/AndroidManifest.xml:38:13-56
	android:name
		ADDED from src/main/AndroidManifest.xml:35:13-65
activity#ifcalc.beta.activities.AnotacoesActivity
ADDED from src/main/AndroidManifest.xml:43:9-51:20
	android:label
		ADDED from src/main/AndroidManifest.xml:45:13-61
	android:parentActivityName
		ADDED from src/main/AndroidManifest.xml:46:13-66
	android:theme
		ADDED from src/main/AndroidManifest.xml:47:13-56
	android:name
		ADDED from src/main/AndroidManifest.xml:44:13-57
activity#ifcalc.beta.activities.AnotacaoDetalheActivity
ADDED from src/main/AndroidManifest.xml:52:9-60:20
	android:label
		ADDED from src/main/AndroidManifest.xml:54:13-68
	android:parentActivityName
		ADDED from src/main/AndroidManifest.xml:55:13-71
	android:theme
		ADDED from src/main/AndroidManifest.xml:56:13-56
	android:name
		ADDED from src/main/AndroidManifest.xml:53:13-63
activity#ifcalc.beta.activities.ConfiguracaoActivity
ADDED from src/main/AndroidManifest.xml:61:9-69:20
	android:label
		ADDED from src/main/AndroidManifest.xml:63:13-64
	android:parentActivityName
		ADDED from src/main/AndroidManifest.xml:64:13-66
	android:theme
		ADDED from src/main/AndroidManifest.xml:65:13-56
	android:name
		ADDED from src/main/AndroidManifest.xml:62:13-60
activity#ifcalc.beta.activities.AjudaActivity
ADDED from src/main/AndroidManifest.xml:70:9-78:20
	android:label
		ADDED from src/main/AndroidManifest.xml:72:13-57
	android:parentActivityName
		ADDED from src/main/AndroidManifest.xml:73:13-66
	android:theme
		ADDED from src/main/AndroidManifest.xml:74:13-56
	android:name
		ADDED from src/main/AndroidManifest.xml:71:13-53
activity#ifcalc.beta.activities.SobreActivity
ADDED from src/main/AndroidManifest.xml:79:9-87:20
	android:label
		ADDED from src/main/AndroidManifest.xml:81:13-57
	android:parentActivityName
		ADDED from src/main/AndroidManifest.xml:82:13-66
	android:theme
		ADDED from src/main/AndroidManifest.xml:83:13-56
	android:name
		ADDED from src/main/AndroidManifest.xml:80:13-53
activity#ifcalc.beta.activities.ImportDisciplinasActivity
ADDED from src/main/AndroidManifest.xml:88:9-96:20
	android:label
		ADDED from src/main/AndroidManifest.xml:90:13-70
	android:parentActivityName
		ADDED from src/main/AndroidManifest.xml:91:13-73
	android:theme
		ADDED from src/main/AndroidManifest.xml:92:13-56
	android:name
		ADDED from src/main/AndroidManifest.xml:89:13-65
activity#ifcalc.beta.activities.SplashActivity
ADDED from src/main/AndroidManifest.xml:97:9-103:20
	android:name
		ADDED from src/main/AndroidManifest.xml:97:19-60
intent-filter#android.intent.action.MAIN+android.intent.category.LAUNCHER
ADDED from src/main/AndroidManifest.xml:98:13-102:29
action#android.intent.action.MAIN
ADDED from src/main/AndroidManifest.xml:99:17-69
	android:name
		ADDED from src/main/AndroidManifest.xml:99:25-66
category#android.intent.category.LAUNCHER
ADDED from src/main/AndroidManifest.xml:101:17-77
	android:name
		ADDED from src/main/AndroidManifest.xml:101:27-74
activity#ifcalc.beta.activities.PoliticaPrivacidadeActivity
ADDED from src/main/AndroidManifest.xml:104:9-112:20
	android:label
		ADDED from src/main/AndroidManifest.xml:106:13-72
	android:parentActivityName
		ADDED from src/main/AndroidManifest.xml:107:13-79
	android:theme
		ADDED from src/main/AndroidManifest.xml:108:13-56
	android:name
		ADDED from src/main/AndroidManifest.xml:105:13-67
uses-sdk
INJECTED from src/main/AndroidManifest.xml reason: use-sdk injection requested
MERGED from [com.android.support:design:25.0.1] AndroidManifest.xml:21:5-23:62
MERGED from [com.android.support:appcompat-v7:25.0.1] AndroidManifest.xml:21:5-23:78
MERGED from [com.android.support:animated-vector-drawable:25.0.1] AndroidManifest.xml:20:5-44
MERGED from [com.android.support:support-vector-drawable:25.0.1] AndroidManifest.xml:21:5-43
MERGED from [com.android.support:transition:25.0.1] AndroidManifest.xml:20:5-44
MERGED from [com.android.support:support-v4:25.0.1] AndroidManifest.xml:21:5-23:54
MERGED from [com.android.support:support-fragment:25.0.1] AndroidManifest.xml:21:5-23:60
MERGED from [com.android.support:support-media-compat:25.0.1] AndroidManifest.xml:21:5-23:63
MERGED from [com.android.support:support-core-utils:25.0.1] AndroidManifest.xml:21:5-23:61
MERGED from [com.android.support:cardview-v7:25.0.1] AndroidManifest.xml:20:5-43
MERGED from [com.android.support:recyclerview-v7:25.0.1] AndroidManifest.xml:20:5-43
MERGED from [com.android.support:support-core-ui:25.0.1] AndroidManifest.xml:21:5-23:58
MERGED from [com.android.support:support-compat:25.0.1] AndroidManifest.xml:21:5-23:58
MERGED from [com.github.clans:fab:1.6.4] AndroidManifest.xml:8:5-10:41
	tools:overrideLibrary
		ADDED from [com.android.support:design:25.0.1] AndroidManifest.xml:23:9-59
	android:targetSdkVersion
		INJECTED from src/main/AndroidManifest.xml
		INJECTED from src/main/AndroidManifest.xml
	android:minSdkVersion
		INJECTED from src/main/AndroidManifest.xml
		INJECTED from src/main/AndroidManifest.xml